# JRE version: Java(TM) SE Runtime Environment (8.0_131-b11) (build 1.8.0_131-b11)
# Java VM: Java HotSpot(TM) 64-Bit Server VM (25.131-b11 mixed mode windows-amd64 compressed oops)
Heap:
 PSYoungGen      total 35328K, used 11643K [0x00000000eaf80000, 0x00000000ed480000, 0x0000000100000000)
  eden space 32768K, 27% used [0x00000000eaf80000,0x00000000eb861ce0,0x00000000ecf80000)
  from space 2560K, 99% used [0x00000000ecf80000,0x00000000ed1fd030,0x00000000ed200000)
  to   space 2560K, 0% used [0x00000000ed200000,0x00000000ed200000,0x00000000ed480000)
 ParOldGen       total 37888K, used 20229K [0x00000000c0e00000, 0x00000000c3300000, 0x00000000eaf80000)
  object space 37888K, 53% used [0x00000000c0e00000,0x00000000c21c1630,0x00000000c3300000)
 Metaspace       used 27215K, capacity 28016K, committed 28208K, reserved 1075200K
  class space    used 3622K, capacity 3830K, committed 3888K, reserved 1048576K
GC Heap History (10 events):
Event: 4.241 GC heap before
{Heap before GC invocations=6 (full 0):
 PSYoungGen      total 35328K, used 35035K [0x00000000eaf80000, 0x00000000ed480000, 0x0000000100000000)
  eden space 32768K, 99% used [0x00000000eaf80000,0x00000000ecf3ef60,0x00000000ecf80000)
  from space 2560K, 98% used [0x00000000ecf80000,0x00000000ed1f8020,0x00000000ed200000)
  to   space 2560K, 0% used [0x00000000ed200000,0x00000000ed200000,0x00000000ed480000)
 ParOldGen       total 44032K, used 9918K [0x00000000c0e00000, 0x00000000c3900000, 0x00000000eaf80000)
  object space 44032K, 22% used [0x00000000c0e00000,0x00000000c17af988,0x00000000c3900000)
 Metaspace       used 20655K, capacity 21262K, committed 21296K, reserved 1067008K
  class space    used 2662K, capacity 2841K, committed 2864K, reserved 1048576K
Event: 4.248 GC heap after
Heap after GC invocations=6 (full 0):
 PSYoungGen      total 35328K, used 2544K [0x00000000eaf80000, 0x00000000ed480000, 0x0000000100000000)
  eden space 32768K, 0% used [0x00000000eaf80000,0x00000000eaf80000,0x00000000ecf80000)
  from space 2560K, 99% used [0x00000000ed200000,0x00000000ed47c010,0x00000000ed480000)
  to   space 2560K, 0% used [0x00000000ecf80000,0x00000000ecf80000,0x00000000ed200000)
 ParOldGen       total 44032K, used 12339K [0x00000000c0e00000, 0x00000000c3900000, 0x00000000eaf80000)
  object space 44032K, 28% used [0x00000000c0e00000,0x00000000c1a0cf78,0x00000000c3900000)
 Metaspace       used 20655K, capacity 21262K, committed 21296K, reserved 1067008K
  class space    used 2662K, capacity 2841K, committed 2864K, reserved 1048576K
}
Event: 4.249 GC heap before
{Heap before GC invocations=7 (full 1):
 PSYoungGen      total 35328K, used 2544K [0x00000000eaf80000, 0x00000000ed480000, 0x0000000100000000)
  eden space 32768K, 0% used [0x00000000eaf80000,0x00000000eaf80000,0x00000000ecf80000)
  from space 2560K, 99% used [0x00000000ed200000,0x00000000ed47c010,0x00000000ed480000)
  to   space 2560K, 0% used [0x00000000ecf80000,0x00000000ecf80000,0x00000000ed200000)
 ParOldGen       total 44032K, used 12339K [0x00000000c0e00000, 0x00000000c3900000, 0x00000000eaf80000)
  object space 44032K, 28% used [0x00000000c0e00000,0x00000000c1a0cf78,0x00000000c3900000)
 Metaspace       used 20655K, capacity 21262K, committed 21296K, reserved 1067008K
  class space    used 2662K, capacity 2841K, committed 2864K, reserved 1048576K
Event: 4.326 GC heap after
Heap after GC invocations=7 (full 1):
 PSYoungGen      total 35328K, used 0K [0x00000000eaf80000, 0x00000000ed480000, 0x0000000100000000)
  eden space 32768K, 0% used [0x00000000eaf80000,0x00000000eaf80000,0x00000000ecf80000)
  from space 2560K, 0% used [0x00000000ed200000,0x00000000ed200000,0x00000000ed480000)
  to   space 2560K, 0% used [0x00000000ecf80000,0x00000000ecf80000,0x00000000ed200000)
 ParOldGen       total 37888K, used 11500K [0x00000000c0e00000, 0x00000000c3300000, 0x00000000eaf80000)
  object space 37888K, 30% used [0x00000000c0e00000,0x00000000c193b388,0x00000000c3300000)
 Metaspace       used 20655K, capacity 21262K, committed 21296K, reserved 1067008K
  class space    used 2662K, capacity 2841K, committed 2864K, reserved 1048576K
}
Event: 4.765 GC heap before
{Heap before GC invocations=8 (full 1):
 PSYoungGen      total 35328K, used 32768K [0x00000000eaf80000, 0x00000000ed480000, 0x0000000100000000)
  eden space 32768K, 100% used [0x00000000eaf80000,0x00000000ecf80000,0x00000000ecf80000)
  from space 2560K, 0% used [0x00000000ed200000,0x00000000ed200000,0x00000000ed480000)
  to   space 2560K, 0% used [0x00000000ecf80000,0x00000000ecf80000,0x00000000ed200000)
 ParOldGen       total 37888K, used 11500K [0x00000000c0e00000, 0x00000000c3300000, 0x00000000eaf80000)
  object space 37888K, 30% used [0x00000000c0e00000,0x00000000c193b388,0x00000000c3300000)
 Metaspace       used 22490K, capacity 23128K, committed 23344K, reserved 1069056K
  class space    used 2920K, capacity 3086K, committed 3120K, reserved 1048576K
Event: 4.770 GC heap after
Heap after GC invocations=8 (full 1):
 PSYoungGen      total 35328K, used 2533K [0x00000000eaf80000, 0x00000000ed480000, 0x0000000100000000)
  eden space 32768K, 0% used [0x00000000eaf80000,0x00000000eaf80000,0x00000000ecf80000)
  from space 2560K, 98% used [0x00000000ecf80000,0x00000000ed1f9780,0x00000000ed200000)
  to   space 2560K, 0% used [0x00000000ed200000,0x00000000ed200000,0x00000000ed480000)
 ParOldGen       total 37888K, used 11913K [0x00000000c0e00000, 0x00000000c3300000, 0x00000000eaf80000)
  object space 37888K, 31% used [0x00000000c0e00000,0x00000000c19a25a0,0x00000000c3300000)
 Metaspace       used 22490K, capacity 23128K, committed 23344K, reserved 1069056K
  class space    used 2920K, capacity 3086K, committed 3120K, reserved 1048576K
}
Event: 5.203 GC heap before
{Heap before GC invocations=9 (full 1):
 PSYoungGen      total 35328K, used 35301K [0x00000000eaf80000, 0x00000000ed480000, 0x0000000100000000)
  eden space 32768K, 100% used [0x00000000eaf80000,0x00000000ecf80000,0x00000000ecf80000)
  from space 2560K, 98% used [0x00000000ecf80000,0x00000000ed1f9780,0x00000000ed200000)
  to   space 2560K, 0% used [0x00000000ed200000,0x00000000ed200000,0x00000000ed480000)
 ParOldGen       total 37888K, used 11913K [0x00000000c0e00000, 0x00000000c3300000, 0x00000000eaf80000)
  object space 37888K, 31% used [0x00000000c0e00000,0x00000000c19a25a0,0x00000000c3300000)
 Metaspace       used 24460K, capacity 25218K, committed 25264K, reserved 1071104K
  class space    used 3265K, capacity 3475K, committed 3504K, reserved 1048576K
Event: 5.210 GC heap after
Heap after GC invocations=9 (full 1):
 PSYoungGen      total 35328K, used 2560K [0x00000000eaf80000, 0x00000000ed480000, 0x0000000100000000)
  eden space 32768K, 0% used [0x00000000eaf80000,0x00000000eaf80000,0x00000000ecf80000)
  from space 2560K, 100% used [0x00000000ed200000,0x00000000ed480000,0x00000000ed480000)
  to   space 2560K, 0% used [0x00000000ecf80000,0x00000000ecf80000,0x00000000ed200000)
 ParOldGen       total 37888K, used 13624K [0x00000000c0e00000, 0x00000000c3300000, 0x00000000eaf80000)
  object space 37888K, 35% used [0x00000000c0e00000,0x00000000c1b4e368,0x00000000c3300000)
 Metaspace       used 24460K, capacity 25218K, committed 25264K, reserved 1071104K
  class space    used 3265K, capacity 3475K, committed 3504K, reserved 1048576K
}
Event: 5.818 GC heap before
{Heap before GC invocations=10 (full 1):
 PSYoungGen      total 35328K, used 35328K [0x00000000eaf80000, 0x00000000ed480000, 0x0000000100000000)
  eden space 32768K, 100% used [0x00000000eaf80000,0x00000000ecf80000,0x00000000ecf80000)
  from space 2560K, 100% used [0x00000000ed200000,0x00000000ed480000,0x00000000ed480000)
  to   space 2560K, 0% used [0x00000000ecf80000,0x00000000ecf80000,0x00000000ed200000)
 ParOldGen       total 37888K, used 13624K [0x00000000c0e00000, 0x00000000c3300000, 0x00000000eaf80000)
  object space 37888K, 35% used [0x00000000c0e00000,0x00000000c1b4e368,0x00000000c3300000)
 Metaspace       used 26923K, capacity 27690K, committed 27952K, reserved 1073152K
  class space    used 3576K, capacity 3765K, committed 3888K, reserved 1048576K
Event: 5.893 GC heap after
Heap after GC invocations=10 (full 1):
 PSYoungGen      total 35328K, used 2548K [0x00000000eaf80000, 0x00000000ed480000, 0x0000000100000000)
  eden space 32768K, 0% used [0x00000000eaf80000,0x00000000eaf80000,0x00000000ecf80000)
  from space 2560K, 99% used [0x00000000ecf80000,0x00000000ed1fd030,0x00000000ed200000)
  to   space 2560K, 0% used [0x00000000ed200000,0x00000000ed200000,0x00000000ed480000)
 ParOldGen       total 37888K, used 20229K [0x00000000c0e00000, 0x00000000c3300000, 0x00000000eaf80000)
  object space 37888K, 53% used [0x00000000c0e00000,0x00000000c21c1630,0x00000000c3300000)
 Metaspace       used 26923K, capacity 27690K, committed 27952K, reserved 1073152K
  class space    used 3576K, capacity 3765K, committed 3888K, reserved 1048576K
}

